# JRE version: OpenJDK Runtime Environment (8.0_152-b06) (build 1.8.0_152-release-1136-b06)
# Java VM: OpenJDK 64-Bit Server VM (25.152-b06 mixed mode windows-amd64 compressed oops)
Heap:
 PSYoungGen      total 430080K, used 165349K [0x00000000e0000000, 0x0000000100000000, 0x0000000100000000)
  eden space 340992K, 48% used [0x00000000e0000000,0x00000000ea151580,0x00000000f4d00000)
  from space 89088K, 0% used [0x00000000f4d00000,0x00000000f4d28000,0x00000000fa400000)
  to   space 87552K, 0% used [0x00000000faa80000,0x00000000faa80000,0x0000000100000000)
 ParOldGen       total 162816K, used 49736K [0x00000000a0000000, 0x00000000a9f00000, 0x00000000e0000000)
  object space 162816K, 30% used [0x00000000a0000000,0x00000000a3092340,0x00000000a9f00000)
 Metaspace       used 103728K, capacity 107084K, committed 116824K, reserved 1150976K
  class space    used 12656K, capacity 13315K, committed 14464K, reserved 1048576K
GC Heap History (10 events):
Event: 5804.187 GC heap before
{Heap before GC invocations=63 (full 7):
 PSYoungGen      total 467456K, used 413184K [0x00000000e0000000, 0x0000000100000000, 0x0000000100000000)
  eden space 413184K, 100% used [0x00000000e0000000,0x00000000f9380000,0x00000000f9380000)
  from space 54272K, 0% used [0x00000000f9380000,0x00000000f9380000,0x00000000fc880000)
  to   space 56832K, 0% used [0x00000000fc880000,0x00000000fc880000,0x0000000100000000)
 ParOldGen       total 257024K, used 156568K [0x00000000a0000000, 0x00000000afb00000, 0x00000000e0000000)
  object space 257024K, 60% used [0x00000000a0000000,0x00000000a98e6380,0x00000000afb00000)
 Metaspace       used 112283K, capacity 115772K, committed 116824K, reserved 1150976K
  class space    used 13551K, capacity 14233K, committed 14464K, reserved 1048576K
Event: 5804.889 GC heap after
Heap after GC invocations=63 (full 7):
 PSYoungGen      total 396800K, used 56814K [0x00000000e0000000, 0x0000000100000000, 0x0000000100000000)
  eden space 339968K, 0% used [0x00000000e0000000,0x00000000e0000000,0x00000000f4c00000)
  from space 56832K, 99% used [0x00000000fc880000,0x00000000ffffb8b8,0x0000000100000000)
  to   space 92160K, 0% used [0x00000000f4c00000,0x00000000f4c00000,0x00000000fa600000)
 ParOldGen       total 257024K, used 164795K [0x00000000a0000000, 0x00000000afb00000, 0x00000000e0000000)
  object space 257024K, 64% used [0x00000000a0000000,0x00000000aa0eecb8,0x00000000afb00000)
 Metaspace       used 112283K, capacity 115772K, committed 116824K, reserved 1150976K
  class space    used 13551K, capacity 14233K, committed 14464K, reserved 1048576K
}
Event: 5814.382 GC heap before
{Heap before GC invocations=64 (full 7):
 PSYoungGen      total 396800K, used 396782K [0x00000000e0000000, 0x0000000100000000, 0x0000000100000000)
  eden space 339968K, 100% used [0x00000000e0000000,0x00000000f4c00000,0x00000000f4c00000)
  from space 56832K, 99% used [0x00000000fc880000,0x00000000ffffb8b8,0x0000000100000000)
  to   space 92160K, 0% used [0x00000000f4c00000,0x00000000f4c00000,0x00000000fa600000)
 ParOldGen       total 257024K, used 164795K [0x00000000a0000000, 0x00000000afb00000, 0x00000000e0000000)
  object space 257024K, 64% used [0x00000000a0000000,0x00000000aa0eecb8,0x00000000afb00000)
 Metaspace       used 112380K, capacity 115884K, committed 116824K, reserved 1150976K
  class space    used 13556K, capacity 14241K, committed 14464K, reserved 1048576K
Event: 5814.440 GC heap after
Heap after GC invocations=64 (full 7):
 PSYoungGen      total 432128K, used 1594K [0x00000000e0000000, 0x0000000100000000, 0x0000000100000000)
  eden space 339968K, 0% used [0x00000000e0000000,0x00000000e0000000,0x00000000f4c00000)
  from space 92160K, 1% used [0x00000000f4c00000,0x00000000f4d8eb10,0x00000000fa600000)
  to   space 91136K, 0% used [0x00000000fa700000,0x00000000fa700000,0x0000000100000000)
 ParOldGen       total 257024K, used 211975K [0x00000000a0000000, 0x00000000afb00000, 0x00000000e0000000)
  object space 257024K, 82% used [0x00000000a0000000,0x00000000acf01e28,0x00000000afb00000)
 Metaspace       used 112380K, capacity 115884K, committed 116824K, reserved 1150976K
  class space    used 13556K, capacity 14241K, committed 14464K, reserved 1048576K
}
Event: 5814.440 GC heap before
{Heap before GC invocations=65 (full 8):
 PSYoungGen      total 432128K, used 1594K [0x00000000e0000000, 0x0000000100000000, 0x0000000100000000)
  eden space 339968K, 0% used [0x00000000e0000000,0x00000000e0000000,0x00000000f4c00000)
  from space 92160K, 1% used [0x00000000f4c00000,0x00000000f4d8eb10,0x00000000fa600000)
  to   space 91136K, 0% used [0x00000000fa700000,0x00000000fa700000,0x0000000100000000)
 ParOldGen       total 257024K, used 211975K [0x00000000a0000000, 0x00000000afb00000, 0x00000000e0000000)
  object space 257024K, 82% used [0x00000000a0000000,0x00000000acf01e28,0x00000000afb00000)
 Metaspace       used 112380K, capacity 115884K, committed 116824K, reserved 1150976K
  class space    used 13556K, capacity 14241K, committed 14464K, reserved 1048576K
Event: 5814.869 GC heap after
Heap after GC invocations=65 (full 8):
 PSYoungGen      total 432128K, used 0K [0x00000000e0000000, 0x0000000100000000, 0x0000000100000000)
  eden space 339968K, 0% used [0x00000000e0000000,0x00000000e0000000,0x00000000f4c00000)
  from space 92160K, 0% used [0x00000000f4c00000,0x00000000f4c00000,0x00000000fa600000)
  to   space 91136K, 0% used [0x00000000fa700000,0x00000000fa700000,0x0000000100000000)
 ParOldGen       total 162816K, used 47027K [0x00000000a0000000, 0x00000000a9f00000, 0x00000000e0000000)
  object space 162816K, 28% used [0x00000000a0000000,0x00000000a2dece28,0x00000000a9f00000)
 Metaspace       used 103604K, capacity 106968K, committed 116824K, reserved 1150976K
  class space    used 12652K, capacity 13307K, committed 14464K, reserved 1048576K
}
Event: 5819.837 GC heap before
{Heap before GC invocations=66 (full 8):
 PSYoungGen      total 432128K, used 339505K [0x00000000e0000000, 0x0000000100000000, 0x0000000100000000)
  eden space 339968K, 99% used [0x00000000e0000000,0x00000000f4b8c740,0x00000000f4c00000)
  from space 92160K, 0% used [0x00000000f4c00000,0x00000000f4c00000,0x00000000fa600000)
  to   space 91136K, 0% used [0x00000000fa700000,0x00000000fa700000,0x0000000100000000)
 ParOldGen       total 162816K, used 47027K [0x00000000a0000000, 0x00000000a9f00000, 0x00000000e0000000)
  object space 162816K, 28% used [0x00000000a0000000,0x00000000a2dece28,0x00000000a9f00000)
 Metaspace       used 103678K, capacity 107016K, committed 116824K, reserved 1150976K
  class space    used 12656K, capacity 13315K, committed 14464K, reserved 1048576K
Event: 5819.843 GC heap after
Heap after GC invocations=66 (full 8):
 PSYoungGen      total 427008K, used 7285K [0x00000000e0000000, 0x00000000ffb00000, 0x0000000100000000)
  eden space 340992K, 0% used [0x00000000e0000000,0x00000000e0000000,0x00000000f4d00000)
  from space 86016K, 8% used [0x00000000fa700000,0x00000000fae1d4f8,0x00000000ffb00000)
  to   space 89088K, 0% used [0x00000000f4d00000,0x00000000f4d00000,0x00000000fa400000)
 ParOldGen       total 162816K, used 47035K [0x00000000a0000000, 0x00000000a9f00000, 0x00000000e0000000)
  object space 162816K, 28% used [0x00000000a0000000,0x00000000a2deee28,0x00000000a9f00000)
 Metaspace       used 103678K, capacity 107016K, committed 116824K, reserved 1150976K
  class space    used 12656K, capacity 13315K, committed 14464K, reserved 1048576K
}
Event: 5819.975 GC heap before
{Heap before GC invocations=67 (full 8):
 PSYoungGen      total 427008K, used 348123K [0x00000000e0000000, 0x00000000ffb00000, 0x0000000100000000)
  eden space 340992K, 99% used [0x00000000e0000000,0x00000000f4cd9718,0x00000000f4d00000)
  from space 86016K, 8% used [0x00000000fa700000,0x00000000fae1d4f8,0x00000000ffb00000)
  to   space 89088K, 0% used [0x00000000f4d00000,0x00000000f4d00000,0x00000000fa400000)
 ParOldGen       total 162816K, used 47035K [0x00000000a0000000, 0x00000000a9f00000, 0x00000000e0000000)
  object space 162816K, 28% used [0x00000000a0000000,0x00000000a2deee28,0x00000000a9f00000)
 Metaspace       used 103678K, capacity 107016K, committed 116824K, reserved 1150976K
  class space    used 12656K, capacity 13315K, committed 14464K, reserved 1048576K
Event: 5819.983 GC heap after
Heap after GC invocations=67 (full 8):
 PSYoungGen      total 430080K, used 160K [0x00000000e0000000, 0x0000000100000000, 0x0000000100000000)
  eden space 340992K, 0% used [0x00000000e0000000,0x00000000e0000000,0x00000000f4d00000)
  from space 89088K, 0% used [0x00000000f4d00000,0x00000000f4d28000,0x00000000fa400000)
  to   space 87552K, 0% used [0x00000000faa80000,0x00000000faa80000,0x0000000100000000)
 ParOldGen       total 162816K, used 49736K [0x00000000a0000000, 0x00000000a9f00000, 0x00000000e0000000)
  object space 162816K, 30% used [0x00000000a0000000,0x00000000a3092340,0x00000000a9f00000)
 Metaspace       used 103678K, capacity 107016K, committed 116824K, reserved 1150976K
  class space    used 12656K, capacity 13315K, committed 14464K, reserved 1048576K
}

